Determining if the pthread_create exist failed with the following output:
Change Dir: /mnt/c/Users/simon/Documents/Projects/C++/RocketSimulator/Software/Controller/build/CMakeFiles/CMakeTmp

Run Build Command:"/usr/bin/make" "cmTC_b9da8/fast"
/usr/bin/make -f CMakeFiles/cmTC_b9da8.dir/build.make CMakeFiles/cmTC_b9da8.dir/build
make[1]: Entering directory '/mnt/c/Users/simon/Documents/Projects/C++/RocketSimulator/Software/Controller/build/CMakeFiles/CMakeTmp'
Building C object CMakeFiles/cmTC_b9da8.dir/CheckSymbolExists.c.o
/usr/bin/cc    -o CMakeFiles/cmTC_b9da8.dir/CheckSymbolExists.c.o   -c /mnt/c/Users/simon/Documents/Projects/C++/RocketSimulator/Software/Controller/build/CMakeFiles/CMakeTmp/CheckSymbolExists.c
Linking C executable cmTC_b9da8
/usr/bin/cmake -E cmake_link_script CMakeFiles/cmTC_b9da8.dir/link.txt --verbose=1
/usr/bin/cc      CMakeFiles/cmTC_b9da8.dir/CheckSymbolExists.c.o  -o cmTC_b9da8 
CMakeFiles/cmTC_b9da8.dir/CheckSymbolExists.c.o: In function `main':
CheckSymbolExists.c:(.text+0x1b): undefined reference to `pthread_create'
collect2: error: ld returned 1 exit status
CMakeFiles/cmTC_b9da8.dir/build.make:97: recipe for target 'cmTC_b9da8' failed
make[1]: *** [cmTC_b9da8] Error 1
make[1]: Leaving directory '/mnt/c/Users/simon/Documents/Projects/C++/RocketSimulator/Software/Controller/build/CMakeFiles/CMakeTmp'
Makefile:126: recipe for target 'cmTC_b9da8/fast' failed
make: *** [cmTC_b9da8/fast] Error 2

File /mnt/c/Users/simon/Documents/Projects/C++/RocketSimulator/Software/Controller/build/CMakeFiles/CMakeTmp/CheckSymbolExists.c:
/* */
#include <pthread.h>

int main(int argc, char** argv)
{
  (void)argv;
#ifndef pthread_create
  return ((int*)(&pthread_create))[argc];
#else
  (void)argc;
  return 0;
#endif
}

Determining if the function pthread_create exists in the pthreads failed with the following output:
Change Dir: /mnt/c/Users/simon/Documents/Projects/C++/RocketSimulator/Software/Controller/build/CMakeFiles/CMakeTmp

Run Build Command:"/usr/bin/make" "cmTC_e248e/fast"
/usr/bin/make -f CMakeFiles/cmTC_e248e.dir/build.make CMakeFiles/cmTC_e248e.dir/build
make[1]: Entering directory '/mnt/c/Users/simon/Documents/Projects/C++/RocketSimulator/Software/Controller/build/CMakeFiles/CMakeTmp'
Building C object CMakeFiles/cmTC_e248e.dir/CheckFunctionExists.c.o
/usr/bin/cc   -DCHECK_FUNCTION_EXISTS=pthread_create   -o CMakeFiles/cmTC_e248e.dir/CheckFunctionExists.c.o   -c /usr/share/cmake-3.10/Modules/CheckFunctionExists.c
Linking C executable cmTC_e248e
/usr/bin/cmake -E cmake_link_script CMakeFiles/cmTC_e248e.dir/link.txt --verbose=1
/usr/bin/cc  -DCHECK_FUNCTION_EXISTS=pthread_create    CMakeFiles/cmTC_e248e.dir/CheckFunctionExists.c.o  -o cmTC_e248e -lpthreads 
/usr/bin/ld: cannot find -lpthreads
collect2: error: ld returned 1 exit status
CMakeFiles/cmTC_e248e.dir/build.make:97: recipe for target 'cmTC_e248e' failed
make[1]: *** [cmTC_e248e] Error 1
make[1]: Leaving directory '/mnt/c/Users/simon/Documents/Projects/C++/RocketSimulator/Software/Controller/build/CMakeFiles/CMakeTmp'
Makefile:126: recipe for target 'cmTC_e248e/fast' failed
make: *** [cmTC_e248e/fast] Error 2


