Determining if the pthread_create exist failed with the following output:
Change Dir: /mnt/c/Users/simon/Documents/Projects/C++/RocketSimulator/Software/Algorithm/build/CMakeFiles/CMakeTmp

Run Build Command:"/usr/bin/make" "cmTC_dc941/fast"
/usr/bin/make -f CMakeFiles/cmTC_dc941.dir/build.make CMakeFiles/cmTC_dc941.dir/build
make[1]: Entering directory '/mnt/c/Users/simon/Documents/Projects/C++/RocketSimulator/Software/Algorithm/build/CMakeFiles/CMakeTmp'
Building C object CMakeFiles/cmTC_dc941.dir/CheckSymbolExists.c.o
/usr/bin/cc    -o CMakeFiles/cmTC_dc941.dir/CheckSymbolExists.c.o   -c /mnt/c/Users/simon/Documents/Projects/C++/RocketSimulator/Software/Algorithm/build/CMakeFiles/CMakeTmp/CheckSymbolExists.c
Linking C executable cmTC_dc941
/usr/bin/cmake -E cmake_link_script CMakeFiles/cmTC_dc941.dir/link.txt --verbose=1
/usr/bin/cc      -rdynamic CMakeFiles/cmTC_dc941.dir/CheckSymbolExists.c.o  -o cmTC_dc941 
CMakeFiles/cmTC_dc941.dir/CheckSymbolExists.c.o: In function `main':
CheckSymbolExists.c:(.text+0x1b): undefined reference to `pthread_create'
collect2: error: ld returned 1 exit status
CMakeFiles/cmTC_dc941.dir/build.make:97: recipe for target 'cmTC_dc941' failed
make[1]: *** [cmTC_dc941] Error 1
make[1]: Leaving directory '/mnt/c/Users/simon/Documents/Projects/C++/RocketSimulator/Software/Algorithm/build/CMakeFiles/CMakeTmp'
Makefile:126: recipe for target 'cmTC_dc941/fast' failed
make: *** [cmTC_dc941/fast] Error 2

File /mnt/c/Users/simon/Documents/Projects/C++/RocketSimulator/Software/Algorithm/build/CMakeFiles/CMakeTmp/CheckSymbolExists.c:
/* */
#include <pthread.h>

int main(int argc, char** argv)
{
  (void)argv;
#ifndef pthread_create
  return ((int*)(&pthread_create))[argc];
#else
  (void)argc;
  return 0;
#endif
}

Determining if the function pthread_create exists in the pthreads failed with the following output:
Change Dir: /mnt/c/Users/simon/Documents/Projects/C++/RocketSimulator/Software/Algorithm/build/CMakeFiles/CMakeTmp

Run Build Command:"/usr/bin/make" "cmTC_09597/fast"
/usr/bin/make -f CMakeFiles/cmTC_09597.dir/build.make CMakeFiles/cmTC_09597.dir/build
make[1]: Entering directory '/mnt/c/Users/simon/Documents/Projects/C++/RocketSimulator/Software/Algorithm/build/CMakeFiles/CMakeTmp'
Building C object CMakeFiles/cmTC_09597.dir/CheckFunctionExists.c.o
/usr/bin/cc   -DCHECK_FUNCTION_EXISTS=pthread_create   -o CMakeFiles/cmTC_09597.dir/CheckFunctionExists.c.o   -c /usr/share/cmake-3.10/Modules/CheckFunctionExists.c
Linking C executable cmTC_09597
/usr/bin/cmake -E cmake_link_script CMakeFiles/cmTC_09597.dir/link.txt --verbose=1
/usr/bin/cc  -DCHECK_FUNCTION_EXISTS=pthread_create    -rdynamic CMakeFiles/cmTC_09597.dir/CheckFunctionExists.c.o  -o cmTC_09597 -lpthreads 
/usr/bin/ld: cannot find -lpthreads
collect2: error: ld returned 1 exit status
CMakeFiles/cmTC_09597.dir/build.make:97: recipe for target 'cmTC_09597' failed
make[1]: *** [cmTC_09597] Error 1
make[1]: Leaving directory '/mnt/c/Users/simon/Documents/Projects/C++/RocketSimulator/Software/Algorithm/build/CMakeFiles/CMakeTmp'
Makefile:126: recipe for target 'cmTC_09597/fast' failed
make: *** [cmTC_09597/fast] Error 2


